########### array before sorts ###########
0	37.233631	19.050000	37.078068	21.423440	n
1	37.078068	21.423440	36.614039	23.756270	n
2	36.614039	23.756270	34.797487	28.141816	n
3	34.797487	28.141816	31.907769	31.907769	n
4	31.907769	31.907769	28.141816	34.797487	n
5	28.141816	34.797487	23.756270	36.614039	n
6	23.756270	36.614039	19.050000	37.233631	n
7	19.050000	37.233631	14.343730	36.614039	n
8	14.343730	36.614039	9.958184	34.797487	n
9	9.958184	34.797487	6.192231	31.907769	n
10	6.192231	31.907769	3.302513	28.141816	n
11	3.302513	28.141816	1.485961	23.756270	n
12	1.485961	23.756270	0.866369	19.050000	n
13	0.866369	19.050000	1.485961	14.343730	n
14	1.485961	14.343730	3.302513	9.958184	n
15	3.302513	9.958184	6.192231	6.192231	n
16	6.192231	6.192231	9.958184	3.302513	n
17	9.958184	3.302513	14.343730	1.485961	n
18	14.343730	1.485961	19.050000	0.866369	n
19	19.050000	0.866369	23.756270	1.485961	n
20	23.756270	1.485961	28.141816	3.302513	n
21	28.141816	3.302513	31.907769	6.192231	n
22	31.907769	6.192231	34.797487	9.958184	n
23	34.797487	9.958184	36.614039	14.343730	n
24	36.614039	14.343730	37.233631	19.050000	n
Tolerance=0.050000.
*Exact match for i=0 and j=1.
*i point 37.233631	19.050000	37.078068	21.423440	y
*Exact match for i=1 and j=2.
*i point 37.078068	21.423440	36.614039	23.756270	y
*Exact match for i=2 and j=3.
*i point 36.614039	23.756270	34.797487	28.141816	y
*Exact match for i=3 and j=4.
*i point 34.797487	28.141816	31.907769	31.907769	y
*Exact match for i=4 and j=5.
*i point 31.907769	31.907769	28.141816	34.797487	y
*Exact match for i=5 and j=6.
*i point 28.141816	34.797487	23.756270	36.614039	y
*Exact match for i=6 and j=7.
*i point 23.756270	36.614039	19.050000	37.233631	y
*Exact match for i=7 and j=8.
*i point 19.050000	37.233631	14.343730	36.614039	y
*Exact match for i=8 and j=9.
*i point 14.343730	36.614039	9.958184	34.797487	y
*Exact match for i=9 and j=10.
*i point 9.958184	34.797487	6.192231	31.907769	y
*Exact match for i=10 and j=11.
*i point 6.192231	31.907769	3.302513	28.141816	y
*Exact match for i=11 and j=12.
*i point 3.302513	28.141816	1.485961	23.756270	y
*Exact match for i=12 and j=13.
*i point 1.485961	23.756270	0.866369	19.050000	y
*Exact match for i=13 and j=14.
*i point 0.866369	19.050000	1.485961	14.343730	y
*Exact match for i=14 and j=15.
*i point 1.485961	14.343730	3.302513	9.958184	y
*Exact match for i=15 and j=16.
*i point 3.302513	9.958184	6.192231	6.192231	y
*Exact match for i=16 and j=17.
*i point 6.192231	6.192231	9.958184	3.302513	y
*Exact match for i=17 and j=18.
*i point 9.958184	3.302513	14.343730	1.485961	y
*Exact match for i=18 and j=19.
*i point 14.343730	1.485961	19.050000	0.866369	y
*Exact match for i=19 and j=20.
*i point 19.050000	0.866369	23.756270	1.485961	y
*Exact match for i=20 and j=21.
*i point 23.756270	1.485961	28.141816	3.302513	y
*Exact match for i=21 and j=22.
*i point 28.141816	3.302513	31.907769	6.192231	y
*Exact match for i=22 and j=23.
*i point 31.907769	6.192231	34.797487	9.958184	y
*Exact match for i=23 and j=24.
*i point 34.797487	9.958184	36.614039	14.343730	y
########### array after sorts ###########
0	37.233631	19.050000	37.078068	21.423440	y
1	37.078068	21.423440	36.614039	23.756270	y
2	36.614039	23.756270	34.797487	28.141816	y
3	34.797487	28.141816	31.907769	31.907769	y
4	31.907769	31.907769	28.141816	34.797487	y
5	28.141816	34.797487	23.756270	36.614039	y
6	23.756270	36.614039	19.050000	37.233631	y
7	19.050000	37.233631	14.343730	36.614039	y
8	14.343730	36.614039	9.958184	34.797487	y
9	9.958184	34.797487	6.192231	31.907769	y
10	6.192231	31.907769	3.302513	28.141816	y
11	3.302513	28.141816	1.485961	23.756270	y
12	1.485961	23.756270	0.866369	19.050000	y
13	0.866369	19.050000	1.485961	14.343730	y
14	1.485961	14.343730	3.302513	9.958184	y
15	3.302513	9.958184	6.192231	6.192231	y
16	6.192231	6.192231	9.958184	3.302513	y
17	9.958184	3.302513	14.343730	1.485961	y
18	14.343730	1.485961	19.050000	0.866369	y
19	19.050000	0.866369	23.756270	1.485961	y
20	23.756270	1.485961	28.141816	3.302513	y
21	28.141816	3.302513	31.907769	6.192231	y
22	31.907769	6.192231	34.797487	9.958184	y
23	34.797487	9.958184	36.614039	14.343730	y
24	36.614039	14.343730	37.233631	19.050000	y
***************
.BOARD_OUTLINE UNOWNED
1.6
0     37.233631     19.050000     0
0     37.078068     21.423440     0
0     36.614039     23.756270     0
0     34.797487     28.141816     0
0     31.907769     31.907769     0
0     28.141816     34.797487     0
0     23.756270     36.614039     0
0     19.050000     37.233631     0
0     14.343730     36.614039     0
0     9.958184     34.797487     0
0     6.192231     31.907769     0
0     3.302513     28.141816     0
0     1.485961     23.756270     0
0     0.866369     19.050000     0
0     1.485961     14.343730     0
0     3.302513     9.958184     0
0     6.192231     6.192231     0
0     9.958184     3.302513     0
0     14.343730     1.485961     0
0     19.050000     0.866369     0
0     23.756270     1.485961     0
0     28.141816     3.302513     0
0     31.907769     6.192231     0
0     34.797487     9.958184     0
0     36.614039     14.343730     0
0     37.233631     19.050000     0
